
----------------------------------------------------
   Running dirwatcher.py
   PID is 94313
   Started on 2020-07-20T12:33:28.680192
-----------------------------------------------------

Watching directory:dir_watcher_file,File Extension:.txt,Polling Interval:1.0,, Magic Text:hey
watch.txt added to watchlist.
searching dir_watcher_file/watch.txt for instances of hey
Match found for heyfound on line 2 in dir_watcher_file/watch.txt
Match found for heyfound on line 3 in dir_watcher_file/watch.txt
Match found for heyfound on line 4 in dir_watcher_file/watch.txt
searching dir_watcher_file/watch.txt for instances of hey
searching dir_watcher_file/watch.txt for instances of hey
searching dir_watcher_file/watch.txt for instances of hey
searching dir_watcher_file/watch.txt for instances of hey
searching dir_watcher_file/watch.txt for instances of hey
searching dir_watcher_file/watch.txt for instances of hey
searching dir_watcher_file/watch.txt for instances of hey
searching dir_watcher_file/watch.txt for instances of hey
searching dir_watcher_file/watch.txt for instances of hey
searching dir_watcher_file/watch.txt for instances of hey
searching dir_watcher_file/watch.txt for instances of hey
searching dir_watcher_file/watch.txt for instances of hey
searching dir_watcher_file/watch.txt for instances of hey
searching dir_watcher_file/watch.txt for instances of hey
searching dir_watcher_file/watch.txt for instances of hey
searching dir_watcher_file/watch.txt for instances of hey
searching dir_watcher_file/watch.txt for instances of hey
searching dir_watcher_file/watch.txt for instances of hey
searching dir_watcher_file/watch.txt for instances of hey
searching dir_watcher_file/watch.txt for instances of hey
searching dir_watcher_file/watch.txt for instances of hey
searching dir_watcher_file/watch.txt for instances of hey
searching dir_watcher_file/watch.txt for instances of hey
searching dir_watcher_file/watch.txt for instances of hey
searching dir_watcher_file/watch.txt for instances of hey
searching dir_watcher_file/watch.txt for instances of hey
searching dir_watcher_file/watch.txt for instances of hey
searching dir_watcher_file/watch.txt for instances of hey
searching dir_watcher_file/watch.txt for instances of hey
searching dir_watcher_file/watch.txt for instances of hey
searching dir_watcher_file/watch.txt for instances of hey
searching dir_watcher_file/watch.txt for instances of hey
searching dir_watcher_file/watch.txt for instances of hey
searching dir_watcher_file/watch.txt for instances of hey
searching dir_watcher_file/watch.txt for instances of hey
searching dir_watcher_file/watch.txt for instances of hey
searching dir_watcher_file/watch.txt for instances of hey
searching dir_watcher_file/watch.txt for instances of hey
searching dir_watcher_file/watch.txt for instances of hey
searching dir_watcher_file/watch.txt for instances of hey
searching dir_watcher_file/watch.txt for instances of hey
searching dir_watcher_file/watch.txt for instances of hey
searching dir_watcher_file/watch.txt for instances of hey
searching dir_watcher_file/watch.txt for instances of hey
searching dir_watcher_file/watch.txt for instances of hey
searching dir_watcher_file/watch.txt for instances of hey
searching dir_watcher_file/watch.txt for instances of hey
searching dir_watcher_file/watch.txt for instances of hey
searching dir_watcher_file/watch.txt for instances of hey
searching dir_watcher_file/watch.txt for instances of hey
searching dir_watcher_file/watch.txt for instances of hey
searching dir_watcher_file/watch.txt for instances of hey
searching dir_watcher_file/watch.txt for instances of hey
searching dir_watcher_file/watch.txt for instances of hey
searching dir_watcher_file/watch.txt for instances of hey
searching dir_watcher_file/watch.txt for instances of hey
searching dir_watcher_file/watch.txt for instances of hey
searching dir_watcher_file/watch.txt for instances of hey
searching dir_watcher_file/watch.txt for instances of hey
searching dir_watcher_file/watch.txt for instances of hey
searching dir_watcher_file/watch.txt for instances of hey
searching dir_watcher_file/watch.txt for instances of hey
searching dir_watcher_file/watch.txt for instances of hey
searching dir_watcher_file/watch.txt for instances of hey
searching dir_watcher_file/watch.txt for instances of hey
searching dir_watcher_file/watch.txt for instances of hey
searching dir_watcher_file/watch.txt for instances of hey
searching dir_watcher_file/watch.txt for instances of hey
searching dir_watcher_file/watch.txt for instances of hey
searching dir_watcher_file/watch.txt for instances of hey
searching dir_watcher_file/watch.txt for instances of hey
searching dir_watcher_file/watch.txt for instances of hey
searching dir_watcher_file/watch.txt for instances of hey
searching dir_watcher_file/watch.txt for instances of hey
searching dir_watcher_file/watch.txt for instances of hey
Received SIGINT

----------------------------------------------------
   Stopped dirwatcher.py
   Time_on was 0:01:21.289599
-----------------------------------------------------


----------------------------------------------------
   Running dirwatcher.py
   PID is 94405
   Started on 2020-07-20T12:36:30.154768
-----------------------------------------------------

Watching directory:dir_watcher_file,File Extension:.txt,Polling Interval:1.0,, Magic Text:hey
watch.txt added to watchlist.
searching dir_watcher_file/watch.txt for instances of hey
Match found for heyfound on line 2 in dir_watcher_file/watch.txt
Match found for heyfound on line 3 in dir_watcher_file/watch.txt
Match found for heyfound on line 4 in dir_watcher_file/watch.txt
searching dir_watcher_file/watch.txt for instances of hey
searching dir_watcher_file/watch.txt for instances of hey
Received SIGINT

----------------------------------------------------
   Stopped dirwatcher.py
   Time_on was 0:00:08.014028
-----------------------------------------------------


----------------------------------------------------
   Running dirwatcher.py
   PID is 94615
   Started on 2020-07-20T12:36:54.026785
-----------------------------------------------------

Watching directory:dir_watcher_file,File Extension:.txt,Polling Interval:1.0,, Magic Text:hey
watch.txt added to watchlist.
searching dir_watcher_file/watch.txt for instances of hey
Match found for heyfound on line 2 in dir_watcher_file/watch.txt
Match found for heyfound on line 3 in dir_watcher_file/watch.txt
Match found for heyfound on line 4 in dir_watcher_file/watch.txt
searching dir_watcher_file/watch.txt for instances of hey
searching dir_watcher_file/watch.txt for instances of hey
searching dir_watcher_file/watch.txt for instances of hey
searching dir_watcher_file/watch.txt for instances of hey
searching dir_watcher_file/watch.txt for instances of hey
searching dir_watcher_file/watch.txt for instances of hey
searching dir_watcher_file/watch.txt for instances of hey
searching dir_watcher_file/watch.txt for instances of hey
searching dir_watcher_file/watch.txt for instances of hey
searching dir_watcher_file/watch.txt for instances of hey
searching dir_watcher_file/watch.txt for instances of hey
searching dir_watcher_file/watch.txt for instances of hey
searching dir_watcher_file/watch.txt for instances of hey
searching dir_watcher_file/watch.txt for instances of hey
searching dir_watcher_file/watch.txt for instances of hey
searching dir_watcher_file/watch.txt for instances of hey
searching dir_watcher_file/watch.txt for instances of hey
searching dir_watcher_file/watch.txt for instances of hey
searching dir_watcher_file/watch.txt for instances of hey
searching dir_watcher_file/watch.txt for instances of hey
searching dir_watcher_file/watch.txt for instances of hey
searching dir_watcher_file/watch.txt for instances of hey
searching dir_watcher_file/watch.txt for instances of hey
searching dir_watcher_file/watch.txt for instances of hey
searching dir_watcher_file/watch.txt for instances of hey
searching dir_watcher_file/watch.txt for instances of hey
searching dir_watcher_file/watch.txt for instances of hey
searching dir_watcher_file/watch.txt for instances of hey
searching dir_watcher_file/watch.txt for instances of hey
searching dir_watcher_file/watch.txt for instances of hey
searching dir_watcher_file/watch.txt for instances of hey
searching dir_watcher_file/watch.txt for instances of hey
searching dir_watcher_file/watch.txt for instances of hey
searching dir_watcher_file/watch.txt for instances of hey
searching dir_watcher_file/watch.txt for instances of hey
searching dir_watcher_file/watch.txt for instances of hey
searching dir_watcher_file/watch.txt for instances of hey
searching dir_watcher_file/watch.txt for instances of hey
searching dir_watcher_file/watch.txt for instances of hey
searching dir_watcher_file/watch.txt for instances of hey
searching dir_watcher_file/watch.txt for instances of hey
searching dir_watcher_file/watch.txt for instances of hey
searching dir_watcher_file/watch.txt for instances of hey
Received SIGTERM

----------------------------------------------------
   Stopped dirwatcher.py
   Time_on was 0:00:49.184805
-----------------------------------------------------


----------------------------------------------------
   Running dirwatcher.py
   PID is 95054
   Started on 2020-07-20T12:47:52.783112
-----------------------------------------------------

Watching directory:dir_watcher_file,File Extension:.txt,Polling Interval:1.0,, Magic Text:hey
watch.txt added to watchlist.
searching dir_watcher_file/watch.txt for instances of hey
Match found for heyfound on line 2 in dir_watcher_file/watch.txt
Match found for heyfound on line 3 in dir_watcher_file/watch.txt
Match found for heyfound on line 4 in dir_watcher_file/watch.txt
searching dir_watcher_file/watch.txt for instances of hey
searching dir_watcher_file/watch.txt for instances of hey
searching dir_watcher_file/watch.txt for instances of hey
searching dir_watcher_file/watch.txt for instances of hey
Received SIGINT

----------------------------------------------------
   Stopped dirwatcher.py
   Time_on was 0:00:10.025549
-----------------------------------------------------

